Analysis & Synthesis report for Lab3
Fri Oct 11 10:39:44 2019
Quartus Prime Version 18.1.0 Build 625 09/12/2018 SJ Lite Edition


---------------------
; Table of Contents ;
---------------------
  1. Legal Notice
  2. Analysis & Synthesis Summary
  3. Analysis & Synthesis Settings
  4. Parallel Compilation
  5. Analysis & Synthesis Source Files Read
  6. Analysis & Synthesis Resource Usage Summary
  7. Analysis & Synthesis Resource Utilization by Entity
  8. General Register Statistics
  9. Multiplexer Restructuring Statistics (Restructuring Performed)
 10. Parameter Settings for User Entity Instance: mux2:_mux
 11. Parameter Settings for User Entity Instance: alu:_alu
 12. Post-Synthesis Netlist Statistics for Top Partition
 13. Elapsed Time Per Partition
 14. Analysis & Synthesis Messages



----------------
; Legal Notice ;
----------------
Copyright (C) 2018  Intel Corporation. All rights reserved.
Your use of Intel Corporation's design tools, logic functions 
and other software and tools, and its AMPP partner logic 
functions, and any output files from any of the foregoing 
(including device programming or simulation files), and any 
associated documentation or information are expressly subject 
to the terms and conditions of the Intel Program License 
Subscription Agreement, the Intel Quartus Prime License Agreement,
the Intel FPGA IP License Agreement, or other applicable license
agreement, including, without limitation, that your use is for
the sole purpose of programming logic devices manufactured by
Intel and sold by Intel or its authorized distributors.  Please
refer to the applicable agreement for further details.



+----------------------------------------------------------------------------------+
; Analysis & Synthesis Summary                                                     ;
+------------------------------------+---------------------------------------------+
; Analysis & Synthesis Status        ; Successful - Fri Oct 11 10:39:44 2019       ;
; Quartus Prime Version              ; 18.1.0 Build 625 09/12/2018 SJ Lite Edition ;
; Revision Name                      ; Lab3                                        ;
; Top-level Entity Name              ; execute                                     ;
; Family                             ; Cyclone IV E                                ;
; Total logic elements               ; 538                                         ;
;     Total combinational functions  ; 538                                         ;
;     Dedicated logic registers      ; 0                                           ;
; Total registers                    ; 0                                           ;
; Total pins                         ; 454                                         ;
; Total virtual pins                 ; 0                                           ;
; Total memory bits                  ; 0                                           ;
; Embedded Multiplier 9-bit elements ; 0                                           ;
; Total PLLs                         ; 0                                           ;
+------------------------------------+---------------------------------------------+


+------------------------------------------------------------------------------------------------------------+
; Analysis & Synthesis Settings                                                                              ;
+------------------------------------------------------------------+--------------------+--------------------+
; Option                                                           ; Setting            ; Default Value      ;
+------------------------------------------------------------------+--------------------+--------------------+
; Device                                                           ; EP4CE6E22C6        ;                    ;
; Top-level entity name                                            ; execute            ; Lab3               ;
; Family name                                                      ; Cyclone IV E       ; Cyclone V          ;
; Use smart compilation                                            ; Off                ; Off                ;
; Enable parallel Assembler and Timing Analyzer during compilation ; On                 ; On                 ;
; Enable compact report table                                      ; Off                ; Off                ;
; Restructure Multiplexers                                         ; Auto               ; Auto               ;
; Create Debugging Nodes for IP Cores                              ; Off                ; Off                ;
; Preserve fewer node names                                        ; On                 ; On                 ;
; Intel FPGA IP Evaluation Mode                                    ; Enable             ; Enable             ;
; Verilog Version                                                  ; Verilog_2001       ; Verilog_2001       ;
; VHDL Version                                                     ; VHDL_1993          ; VHDL_1993          ;
; State Machine Processing                                         ; Auto               ; Auto               ;
; Safe State Machine                                               ; Off                ; Off                ;
; Extract Verilog State Machines                                   ; On                 ; On                 ;
; Extract VHDL State Machines                                      ; On                 ; On                 ;
; Ignore Verilog initial constructs                                ; Off                ; Off                ;
; Iteration limit for constant Verilog loops                       ; 5000               ; 5000               ;
; Iteration limit for non-constant Verilog loops                   ; 250                ; 250                ;
; Add Pass-Through Logic to Inferred RAMs                          ; On                 ; On                 ;
; Infer RAMs from Raw Logic                                        ; On                 ; On                 ;
; Parallel Synthesis                                               ; On                 ; On                 ;
; DSP Block Balancing                                              ; Auto               ; Auto               ;
; NOT Gate Push-Back                                               ; On                 ; On                 ;
; Power-Up Don't Care                                              ; On                 ; On                 ;
; Remove Redundant Logic Cells                                     ; Off                ; Off                ;
; Remove Duplicate Registers                                       ; On                 ; On                 ;
; Ignore CARRY Buffers                                             ; Off                ; Off                ;
; Ignore CASCADE Buffers                                           ; Off                ; Off                ;
; Ignore GLOBAL Buffers                                            ; Off                ; Off                ;
; Ignore ROW GLOBAL Buffers                                        ; Off                ; Off                ;
; Ignore LCELL Buffers                                             ; Off                ; Off                ;
; Ignore SOFT Buffers                                              ; On                 ; On                 ;
; Limit AHDL Integers to 32 Bits                                   ; Off                ; Off                ;
; Optimization Technique                                           ; Balanced           ; Balanced           ;
; Carry Chain Length                                               ; 70                 ; 70                 ;
; Auto Carry Chains                                                ; On                 ; On                 ;
; Auto Open-Drain Pins                                             ; On                 ; On                 ;
; Perform WYSIWYG Primitive Resynthesis                            ; Off                ; Off                ;
; Auto ROM Replacement                                             ; On                 ; On                 ;
; Auto RAM Replacement                                             ; On                 ; On                 ;
; Auto DSP Block Replacement                                       ; On                 ; On                 ;
; Auto Shift Register Replacement                                  ; Auto               ; Auto               ;
; Allow Shift Register Merging across Hierarchies                  ; Auto               ; Auto               ;
; Auto Clock Enable Replacement                                    ; On                 ; On                 ;
; Strict RAM Replacement                                           ; Off                ; Off                ;
; Allow Synchronous Control Signals                                ; On                 ; On                 ;
; Force Use of Synchronous Clear Signals                           ; Off                ; Off                ;
; Auto RAM Block Balancing                                         ; On                 ; On                 ;
; Auto RAM to Logic Cell Conversion                                ; Off                ; Off                ;
; Auto Resource Sharing                                            ; Off                ; Off                ;
; Allow Any RAM Size For Recognition                               ; Off                ; Off                ;
; Allow Any ROM Size For Recognition                               ; Off                ; Off                ;
; Allow Any Shift Register Size For Recognition                    ; Off                ; Off                ;
; Use LogicLock Constraints during Resource Balancing              ; On                 ; On                 ;
; Ignore translate_off and synthesis_off directives                ; Off                ; Off                ;
; Timing-Driven Synthesis                                          ; On                 ; On                 ;
; Report Parameter Settings                                        ; On                 ; On                 ;
; Report Source Assignments                                        ; On                 ; On                 ;
; Report Connectivity Checks                                       ; On                 ; On                 ;
; Ignore Maximum Fan-Out Assignments                               ; Off                ; Off                ;
; Synchronization Register Chain Length                            ; 2                  ; 2                  ;
; Power Optimization During Synthesis                              ; Normal compilation ; Normal compilation ;
; HDL message level                                                ; Level2             ; Level2             ;
; Suppress Register Optimization Related Messages                  ; Off                ; Off                ;
; Number of Removed Registers Reported in Synthesis Report         ; 5000               ; 5000               ;
; Number of Swept Nodes Reported in Synthesis Report               ; 5000               ; 5000               ;
; Number of Inverted Registers Reported in Synthesis Report        ; 100                ; 100                ;
; Clock MUX Protection                                             ; On                 ; On                 ;
; Auto Gated Clock Conversion                                      ; Off                ; Off                ;
; Block Design Naming                                              ; Auto               ; Auto               ;
; SDC constraint protection                                        ; Off                ; Off                ;
; Synthesis Effort                                                 ; Auto               ; Auto               ;
; Shift Register Replacement - Allow Asynchronous Clear Signal     ; On                 ; On                 ;
; Pre-Mapping Resynthesis Optimization                             ; Off                ; Off                ;
; Analysis & Synthesis Message Level                               ; Medium             ; Medium             ;
; Disable Register Merging Across Hierarchies                      ; Auto               ; Auto               ;
; Resource Aware Inference For Block RAM                           ; On                 ; On                 ;
+------------------------------------------------------------------+--------------------+--------------------+


+------------------------------------------+
; Parallel Compilation                     ;
+----------------------------+-------------+
; Processors                 ; Number      ;
+----------------------------+-------------+
; Number detected on machine ; 4           ;
; Maximum allowed            ; 2           ;
;                            ;             ;
; Average used               ; 1.00        ;
; Maximum used               ; 1           ;
;                            ;             ;
; Usage by Processor         ; % Time Used ;
;     Processor 1            ; 100.0%      ;
+----------------------------+-------------+


+------------------------------------------------------------------------------------------------------------------------------------------------------------------------------+
; Analysis & Synthesis Source Files Read                                                                                                                                       ;
+----------------------------------+-----------------+------------------------------+--------------------------------------------------------------------------------+---------+
; File Name with User-Entered Path ; Used in Netlist ; File Type                    ; File Name with Absolute Path                                                   ; Library ;
+----------------------------------+-----------------+------------------------------+--------------------------------------------------------------------------------+---------+
; mux2.sv                          ; yes             ; User SystemVerilog HDL File  ; C:/Users/mat_o/Desktop/Cosas Facultad/ArqComp/ArquitecturaFPGA/Lab3/mux2.sv    ;         ;
; execute.sv                       ; yes             ; User SystemVerilog HDL File  ; C:/Users/mat_o/Desktop/Cosas Facultad/ArqComp/ArquitecturaFPGA/Lab3/execute.sv ;         ;
; alu.sv                           ; yes             ; User SystemVerilog HDL File  ; C:/Users/mat_o/Desktop/Cosas Facultad/ArqComp/ArquitecturaFPGA/Lab3/alu.sv     ;         ;
+----------------------------------+-----------------+------------------------------+--------------------------------------------------------------------------------+---------+


+------------------------------------------------------------+
; Analysis & Synthesis Resource Usage Summary                ;
+---------------------------------------------+--------------+
; Resource                                    ; Usage        ;
+---------------------------------------------+--------------+
; Estimated Total logic elements              ; 538          ;
;                                             ;              ;
; Total combinational functions               ; 538          ;
; Logic element usage by number of LUT inputs ;              ;
;     -- 4 input functions                    ; 286          ;
;     -- 3 input functions                    ; 239          ;
;     -- <=2 input functions                  ; 13           ;
;                                             ;              ;
; Logic elements by mode                      ;              ;
;     -- normal mode                          ; 413          ;
;     -- arithmetic mode                      ; 125          ;
;                                             ;              ;
; Total registers                             ; 0            ;
;     -- Dedicated logic registers            ; 0            ;
;     -- I/O registers                        ; 0            ;
;                                             ;              ;
; I/O pins                                    ; 454          ;
;                                             ;              ;
; Embedded Multiplier 9-bit elements          ; 0            ;
;                                             ;              ;
; Maximum fan-out node                        ; AluSrc~input ;
; Maximum fan-out                             ; 151          ;
; Total fan-out                               ; 2534         ;
; Average fan-out                             ; 1.75         ;
+---------------------------------------------+--------------+


+----------------------------------------------------------------------------------------------------------------------------------------------------------------------------------------------------------+
; Analysis & Synthesis Resource Utilization by Entity                                                                                                                                                      ;
+----------------------------+---------------------+---------------------------+-------------+--------------+---------+-----------+------+--------------+---------------------+-------------+--------------+
; Compilation Hierarchy Node ; Combinational ALUTs ; Dedicated Logic Registers ; Memory Bits ; DSP Elements ; DSP 9x9 ; DSP 18x18 ; Pins ; Virtual Pins ; Full Hierarchy Name ; Entity Name ; Library Name ;
+----------------------------+---------------------+---------------------------+-------------+--------------+---------+-----------+------+--------------+---------------------+-------------+--------------+
; |execute                   ; 538 (62)            ; 0 (0)                     ; 0           ; 0            ; 0       ; 0         ; 454  ; 0            ; |execute            ; execute     ; work         ;
;    |alu:_alu|              ; 412 (412)           ; 0 (0)                     ; 0           ; 0            ; 0       ; 0         ; 0    ; 0            ; |execute|alu:_alu   ; alu         ; work         ;
;    |mux2:_mux|             ; 64 (64)             ; 0 (0)                     ; 0           ; 0            ; 0       ; 0         ; 0    ; 0            ; |execute|mux2:_mux  ; mux2        ; work         ;
+----------------------------+---------------------+---------------------------+-------------+--------------+---------+-----------+------+--------------+---------------------+-------------+--------------+
Note: For table entries with two numbers listed, the numbers in parentheses indicate the number of resources of the given type used by the specific entity alone. The numbers listed outside of parentheses indicate the total resources of the given type used by the specific entity and all of its sub-entities in the hierarchy.


+------------------------------------------------------+
; General Register Statistics                          ;
+----------------------------------------------+-------+
; Statistic                                    ; Value ;
+----------------------------------------------+-------+
; Total registers                              ; 0     ;
; Number of registers using Synchronous Clear  ; 0     ;
; Number of registers using Synchronous Load   ; 0     ;
; Number of registers using Asynchronous Clear ; 0     ;
; Number of registers using Asynchronous Load  ; 0     ;
; Number of registers using Clock Enable       ; 0     ;
; Number of registers using Preset             ; 0     ;
+----------------------------------------------+-------+


+------------------------------------------------------------------------------------------------------------------------------------------+
; Multiplexer Restructuring Statistics (Restructuring Performed)                                                                           ;
+--------------------+-----------+---------------+----------------------+------------------------+------------+----------------------------+
; Multiplexer Inputs ; Bus Width ; Baseline Area ; Area if Restructured ; Saving if Restructured ; Registered ; Example Multiplexer Output ;
+--------------------+-----------+---------------+----------------------+------------------------+------------+----------------------------+
; 12:1               ; 64 bits   ; 512 LEs       ; 256 LEs              ; 256 LEs                ; No         ; |execute|alu:_alu|Mux56    ;
+--------------------+-----------+---------------+----------------------+------------------------+------------+----------------------------+


+--------------------------------------------------------+
; Parameter Settings for User Entity Instance: mux2:_mux ;
+----------------+-------+-------------------------------+
; Parameter Name ; Value ; Type                          ;
+----------------+-------+-------------------------------+
; N              ; 64    ; Signed Integer                ;
+----------------+-------+-------------------------------+
Note: In order to hide this table in the UI and the text report file, please set the "Show Parameter Settings in Synthesis Report" option in "Analysis and Synthesis Settings -> More Settings" to "Off".


+-------------------------------------------------------+
; Parameter Settings for User Entity Instance: alu:_alu ;
+----------------+-------+------------------------------+
; Parameter Name ; Value ; Type                         ;
+----------------+-------+------------------------------+
; SIZE           ; 64    ; Signed Integer               ;
+----------------+-------+------------------------------+
Note: In order to hide this table in the UI and the text report file, please set the "Show Parameter Settings in Synthesis Report" option in "Analysis and Synthesis Settings -> More Settings" to "Off".


+-----------------------------------------------------+
; Post-Synthesis Netlist Statistics for Top Partition ;
+-----------------------+-----------------------------+
; Type                  ; Count                       ;
+-----------------------+-----------------------------+
; boundary_port         ; 454                         ;
; cycloneiii_lcell_comb ; 539                         ;
;     arith             ; 125                         ;
;         2 data inputs ; 1                           ;
;         3 data inputs ; 124                         ;
;     normal            ; 414                         ;
;         1 data inputs ; 1                           ;
;         2 data inputs ; 12                          ;
;         3 data inputs ; 115                         ;
;         4 data inputs ; 286                         ;
;                       ;                             ;
; Max LUT depth         ; 15.30                       ;
; Average LUT depth     ; 10.29                       ;
+-----------------------+-----------------------------+


+-------------------------------+
; Elapsed Time Per Partition    ;
+----------------+--------------+
; Partition Name ; Elapsed Time ;
+----------------+--------------+
; Top            ; 00:00:02     ;
+----------------+--------------+


+-------------------------------+
; Analysis & Synthesis Messages ;
+-------------------------------+
Info: *******************************************************************
Info: Running Quartus Prime Analysis & Synthesis
    Info: Version 18.1.0 Build 625 09/12/2018 SJ Lite Edition
    Info: Processing started: Fri Oct 11 10:39:21 2019
Info: Command: quartus_map --read_settings_files=on --write_settings_files=off Lab3 -c Lab3
Warning (18236): Number of processors has not been specified which may cause overloading on shared machines.  Set the global assignment NUM_PARALLEL_PROCESSORS in your QSF to an appropriate value for best performance.
Info (20030): Parallel compilation is enabled and will use 2 of the 2 processors detected
Info (12021): Found 1 design units, including 1 entities, in source file writeback.sv
    Info (12023): Found entity 1: writeback File: C:/Users/mat_o/Desktop/Cosas Facultad/ArqComp/ArquitecturaFPGA/Lab3/writeback.sv Line: 3
Info (12021): Found 1 design units, including 1 entities, in source file sl2.sv
    Info (12023): Found entity 1: sl2 File: C:/Users/mat_o/Desktop/Cosas Facultad/ArqComp/ArquitecturaFPGA/Lab3/sl2.sv Line: 3
Info (12021): Found 1 design units, including 1 entities, in source file sillyfunction_tb.sv
    Info (12023): Found entity 1: sillyfunction_tb File: C:/Users/mat_o/Desktop/Cosas Facultad/ArqComp/ArquitecturaFPGA/Lab3/sillyfunction_tb.sv Line: 1
Info (12021): Found 1 design units, including 1 entities, in source file sillyfunction.sv
    Info (12023): Found entity 1: sillyfunction File: C:/Users/mat_o/Desktop/Cosas Facultad/ArqComp/ArquitecturaFPGA/Lab3/sillyfunction.sv Line: 1
Info (12021): Found 1 design units, including 1 entities, in source file signext_tb.sv
    Info (12023): Found entity 1: signext_tb File: C:/Users/mat_o/Desktop/Cosas Facultad/ArqComp/ArquitecturaFPGA/Lab3/signext_tb.sv Line: 1
Info (12021): Found 1 design units, including 1 entities, in source file signext.sv
    Info (12023): Found entity 1: signext File: C:/Users/mat_o/Desktop/Cosas Facultad/ArqComp/ArquitecturaFPGA/Lab3/signext.sv Line: 1
Info (12021): Found 1 design units, including 1 entities, in source file regfile_tb.sv
    Info (12023): Found entity 1: regfile_tb File: C:/Users/mat_o/Desktop/Cosas Facultad/ArqComp/ArquitecturaFPGA/Lab3/regfile_tb.sv Line: 1
Info (12021): Found 1 design units, including 1 entities, in source file regfile.sv
    Info (12023): Found entity 1: regfile File: C:/Users/mat_o/Desktop/Cosas Facultad/ArqComp/ArquitecturaFPGA/Lab3/regfile.sv Line: 1
Info (12021): Found 1 design units, including 1 entities, in source file processor_tb.sv
    Info (12023): Found entity 1: processor_tb File: C:/Users/mat_o/Desktop/Cosas Facultad/ArqComp/ArquitecturaFPGA/Lab3/processor_tb.sv Line: 4
Info (12021): Found 1 design units, including 1 entities, in source file processor_arm.sv
    Info (12023): Found entity 1: processor_arm File: C:/Users/mat_o/Desktop/Cosas Facultad/ArqComp/ArquitecturaFPGA/Lab3/processor_arm.sv Line: 3
Info (12021): Found 1 design units, including 1 entities, in source file mux64.sv
    Info (12023): Found entity 1: mux64 File: C:/Users/mat_o/Desktop/Cosas Facultad/ArqComp/ArquitecturaFPGA/Lab3/mux64.sv Line: 1
Info (12021): Found 1 design units, including 1 entities, in source file mux32.sv
    Info (12023): Found entity 1: mux32 File: C:/Users/mat_o/Desktop/Cosas Facultad/ArqComp/ArquitecturaFPGA/Lab3/mux32.sv Line: 1
Info (12021): Found 1 design units, including 1 entities, in source file mux16.sv
    Info (12023): Found entity 1: mux16 File: C:/Users/mat_o/Desktop/Cosas Facultad/ArqComp/ArquitecturaFPGA/Lab3/mux16.sv Line: 1
Info (12021): Found 1 design units, including 1 entities, in source file mux8.sv
    Info (12023): Found entity 1: mux8 File: C:/Users/mat_o/Desktop/Cosas Facultad/ArqComp/ArquitecturaFPGA/Lab3/mux8.sv Line: 1
Info (12021): Found 1 design units, including 1 entities, in source file mux4.sv
    Info (12023): Found entity 1: mux4 File: C:/Users/mat_o/Desktop/Cosas Facultad/ArqComp/ArquitecturaFPGA/Lab3/mux4.sv Line: 1
Info (12021): Found 1 design units, including 1 entities, in source file mux2.sv
    Info (12023): Found entity 1: mux2 File: C:/Users/mat_o/Desktop/Cosas Facultad/ArqComp/ArquitecturaFPGA/Lab3/mux2.sv Line: 3
Info (12021): Found 1 design units, including 1 entities, in source file memory.sv
    Info (12023): Found entity 1: memory File: C:/Users/mat_o/Desktop/Cosas Facultad/ArqComp/ArquitecturaFPGA/Lab3/memory.sv Line: 3
Info (12021): Found 1 design units, including 1 entities, in source file maindec_tb.sv
    Info (12023): Found entity 1: maindec_tb File: C:/Users/mat_o/Desktop/Cosas Facultad/ArqComp/ArquitecturaFPGA/Lab3/maindec_tb.sv Line: 1
Info (12021): Found 1 design units, including 1 entities, in source file maindec.sv
    Info (12023): Found entity 1: maindec File: C:/Users/mat_o/Desktop/Cosas Facultad/ArqComp/ArquitecturaFPGA/Lab3/maindec.sv Line: 1
Info (12021): Found 1 design units, including 1 entities, in source file imem_tb.sv
    Info (12023): Found entity 1: imem_tb File: C:/Users/mat_o/Desktop/Cosas Facultad/ArqComp/ArquitecturaFPGA/Lab3/imem_tb.sv Line: 1
Info (12021): Found 1 design units, including 1 entities, in source file imem.sv
    Info (12023): Found entity 1: imem File: C:/Users/mat_o/Desktop/Cosas Facultad/ArqComp/ArquitecturaFPGA/Lab3/imem.sv Line: 1
Info (12021): Found 1 design units, including 1 entities, in source file flopr_tb.sv
    Info (12023): Found entity 1: flopr_tb File: C:/Users/mat_o/Desktop/Cosas Facultad/ArqComp/ArquitecturaFPGA/Lab3/flopr_tb.sv Line: 1
Info (12021): Found 1 design units, including 1 entities, in source file flopr.sv
    Info (12023): Found entity 1: flopr File: C:/Users/mat_o/Desktop/Cosas Facultad/ArqComp/ArquitecturaFPGA/Lab3/flopr.sv Line: 1
Info (12021): Found 1 design units, including 1 entities, in source file flopenr.sv
    Info (12023): Found entity 1: flopenr File: C:/Users/mat_o/Desktop/Cosas Facultad/ArqComp/ArquitecturaFPGA/Lab3/flopenr.sv Line: 1
Info (12021): Found 1 design units, including 1 entities, in source file fetch_tb.sv
    Info (12023): Found entity 1: fetch_tb File: C:/Users/mat_o/Desktop/Cosas Facultad/ArqComp/ArquitecturaFPGA/Lab3/fetch_tb.sv Line: 1
Info (12021): Found 1 design units, including 1 entities, in source file fetch.sv
    Info (12023): Found entity 1: fetch File: C:/Users/mat_o/Desktop/Cosas Facultad/ArqComp/ArquitecturaFPGA/Lab3/fetch.sv Line: 1
Info (12021): Found 1 design units, including 1 entities, in source file execute.sv
    Info (12023): Found entity 1: execute File: C:/Users/mat_o/Desktop/Cosas Facultad/ArqComp/ArquitecturaFPGA/Lab3/execute.sv Line: 1
Info (12021): Found 1 design units, including 1 entities, in source file decode.sv
    Info (12023): Found entity 1: decode File: C:/Users/mat_o/Desktop/Cosas Facultad/ArqComp/ArquitecturaFPGA/Lab3/decode.sv Line: 3
Info (12021): Found 1 design units, including 1 entities, in source file datapath.sv
    Info (12023): Found entity 1: datapath File: C:/Users/mat_o/Desktop/Cosas Facultad/ArqComp/ArquitecturaFPGA/Lab3/datapath.sv Line: 3
Info (12021): Found 1 design units, including 1 entities, in source file controller.sv
    Info (12023): Found entity 1: controller File: C:/Users/mat_o/Desktop/Cosas Facultad/ArqComp/ArquitecturaFPGA/Lab3/controller.sv Line: 3
Info (12021): Found 1 design units, including 1 entities, in source file aludec.sv
    Info (12023): Found entity 1: aludec File: C:/Users/mat_o/Desktop/Cosas Facultad/ArqComp/ArquitecturaFPGA/Lab3/aludec.sv Line: 3
Info (12021): Found 1 design units, including 1 entities, in source file alu_tb.sv
    Info (12023): Found entity 1: alu_tb File: C:/Users/mat_o/Desktop/Cosas Facultad/ArqComp/ArquitecturaFPGA/Lab3/alu_tb.sv Line: 1
Info (12021): Found 1 design units, including 1 entities, in source file alu.sv
    Info (12023): Found entity 1: alu File: C:/Users/mat_o/Desktop/Cosas Facultad/ArqComp/ArquitecturaFPGA/Lab3/alu.sv Line: 1
Info (12127): Elaborating entity "execute" for the top level hierarchy
Info (12128): Elaborating entity "mux2" for hierarchy "mux2:_mux" File: C:/Users/mat_o/Desktop/Cosas Facultad/ArqComp/ArquitecturaFPGA/Lab3/execute.sv Line: 8
Info (12128): Elaborating entity "alu" for hierarchy "alu:_alu" File: C:/Users/mat_o/Desktop/Cosas Facultad/ArqComp/ArquitecturaFPGA/Lab3/execute.sv Line: 9
Info (286030): Timing-Driven Synthesis is running
Info (16010): Generating hard_block partition "hard_block:auto_generated_inst"
    Info (16011): Adding 0 node(s), including 0 DDIO, 0 PLL, 0 transceiver and 0 LCELL
Info (21057): Implemented 992 device resources after synthesis - the final resource count might be different
    Info (21058): Implemented 261 input pins
    Info (21059): Implemented 193 output pins
    Info (21061): Implemented 538 logic cells
Info: Quartus Prime Analysis & Synthesis was successful. 0 errors, 1 warning
    Info: Peak virtual memory: 4762 megabytes
    Info: Processing ended: Fri Oct 11 10:39:44 2019
    Info: Elapsed time: 00:00:23
    Info: Total CPU time (on all processors): 00:00:47


