Analysis & Synthesis report for PipelinedProcessor
Wed Oct 02 12:58:45 2019
Quartus Prime Version 18.1.0 Build 625 09/12/2018 SJ Lite Edition


---------------------
; Table of Contents ;
---------------------
  1. Legal Notice
  2. Analysis & Synthesis Summary
  3. Analysis & Synthesis Settings
  4. Parallel Compilation
  5. Analysis & Synthesis Messages



----------------
; Legal Notice ;
----------------
Copyright (C) 2018  Intel Corporation. All rights reserved.
Your use of Intel Corporation's design tools, logic functions 
and other software and tools, and its AMPP partner logic 
functions, and any output files from any of the foregoing 
(including device programming or simulation files), and any 
associated documentation or information are expressly subject 
to the terms and conditions of the Intel Program License 
Subscription Agreement, the Intel Quartus Prime License Agreement,
the Intel FPGA IP License Agreement, or other applicable license
agreement, including, without limitation, that your use is for
the sole purpose of programming logic devices manufactured by
Intel and sold by Intel or its authorized distributors.  Please
refer to the applicable agreement for further details.



+----------------------------------------------------------------------------------+
; Analysis & Synthesis Summary                                                     ;
+------------------------------------+---------------------------------------------+
; Analysis & Synthesis Status        ; Failed - Wed Oct 02 12:58:45 2019           ;
; Quartus Prime Version              ; 18.1.0 Build 625 09/12/2018 SJ Lite Edition ;
; Revision Name                      ; PipelinedProcessor                          ;
; Top-level Entity Name              ; writeback                                   ;
; Family                             ; Cyclone IV E                                ;
; Total logic elements               ; N/A until Partition Merge                   ;
;     Total combinational functions  ; N/A until Partition Merge                   ;
;     Dedicated logic registers      ; N/A until Partition Merge                   ;
; Total registers                    ; N/A until Partition Merge                   ;
; Total pins                         ; N/A until Partition Merge                   ;
; Total virtual pins                 ; N/A until Partition Merge                   ;
; Total memory bits                  ; N/A until Partition Merge                   ;
; Embedded Multiplier 9-bit elements ; N/A until Partition Merge                   ;
; Total PLLs                         ; N/A until Partition Merge                   ;
+------------------------------------+---------------------------------------------+


+------------------------------------------------------------------------------------------------------------+
; Analysis & Synthesis Settings                                                                              ;
+------------------------------------------------------------------+--------------------+--------------------+
; Option                                                           ; Setting            ; Default Value      ;
+------------------------------------------------------------------+--------------------+--------------------+
; Device                                                           ; EP4CE22F17C6       ;                    ;
; Top-level entity name                                            ; writeback          ; PipelinedProcessor ;
; Family name                                                      ; Cyclone IV E       ; Cyclone V          ;
; Use smart compilation                                            ; Off                ; Off                ;
; Enable parallel Assembler and Timing Analyzer during compilation ; On                 ; On                 ;
; Enable compact report table                                      ; Off                ; Off                ;
; Restructure Multiplexers                                         ; Auto               ; Auto               ;
; Create Debugging Nodes for IP Cores                              ; Off                ; Off                ;
; Preserve fewer node names                                        ; On                 ; On                 ;
; Intel FPGA IP Evaluation Mode                                    ; Enable             ; Enable             ;
; Verilog Version                                                  ; Verilog_2001       ; Verilog_2001       ;
; VHDL Version                                                     ; VHDL_1993          ; VHDL_1993          ;
; State Machine Processing                                         ; Auto               ; Auto               ;
; Safe State Machine                                               ; Off                ; Off                ;
; Extract Verilog State Machines                                   ; On                 ; On                 ;
; Extract VHDL State Machines                                      ; On                 ; On                 ;
; Ignore Verilog initial constructs                                ; Off                ; Off                ;
; Iteration limit for constant Verilog loops                       ; 5000               ; 5000               ;
; Iteration limit for non-constant Verilog loops                   ; 250                ; 250                ;
; Add Pass-Through Logic to Inferred RAMs                          ; On                 ; On                 ;
; Infer RAMs from Raw Logic                                        ; On                 ; On                 ;
; Parallel Synthesis                                               ; On                 ; On                 ;
; DSP Block Balancing                                              ; Auto               ; Auto               ;
; NOT Gate Push-Back                                               ; On                 ; On                 ;
; Power-Up Don't Care                                              ; On                 ; On                 ;
; Remove Redundant Logic Cells                                     ; Off                ; Off                ;
; Remove Duplicate Registers                                       ; On                 ; On                 ;
; Ignore CARRY Buffers                                             ; Off                ; Off                ;
; Ignore CASCADE Buffers                                           ; Off                ; Off                ;
; Ignore GLOBAL Buffers                                            ; Off                ; Off                ;
; Ignore ROW GLOBAL Buffers                                        ; Off                ; Off                ;
; Ignore LCELL Buffers                                             ; Off                ; Off                ;
; Ignore SOFT Buffers                                              ; On                 ; On                 ;
; Limit AHDL Integers to 32 Bits                                   ; Off                ; Off                ;
; Optimization Technique                                           ; Balanced           ; Balanced           ;
; Carry Chain Length                                               ; 70                 ; 70                 ;
; Auto Carry Chains                                                ; On                 ; On                 ;
; Auto Open-Drain Pins                                             ; On                 ; On                 ;
; Perform WYSIWYG Primitive Resynthesis                            ; Off                ; Off                ;
; Auto ROM Replacement                                             ; On                 ; On                 ;
; Auto RAM Replacement                                             ; On                 ; On                 ;
; Auto DSP Block Replacement                                       ; On                 ; On                 ;
; Auto Shift Register Replacement                                  ; Auto               ; Auto               ;
; Allow Shift Register Merging across Hierarchies                  ; Auto               ; Auto               ;
; Auto Clock Enable Replacement                                    ; On                 ; On                 ;
; Strict RAM Replacement                                           ; Off                ; Off                ;
; Allow Synchronous Control Signals                                ; On                 ; On                 ;
; Force Use of Synchronous Clear Signals                           ; Off                ; Off                ;
; Auto RAM Block Balancing                                         ; On                 ; On                 ;
; Auto RAM to Logic Cell Conversion                                ; Off                ; Off                ;
; Auto Resource Sharing                                            ; Off                ; Off                ;
; Allow Any RAM Size For Recognition                               ; Off                ; Off                ;
; Allow Any ROM Size For Recognition                               ; Off                ; Off                ;
; Allow Any Shift Register Size For Recognition                    ; Off                ; Off                ;
; Use LogicLock Constraints during Resource Balancing              ; On                 ; On                 ;
; Ignore translate_off and synthesis_off directives                ; Off                ; Off                ;
; Timing-Driven Synthesis                                          ; On                 ; On                 ;
; Report Parameter Settings                                        ; On                 ; On                 ;
; Report Source Assignments                                        ; On                 ; On                 ;
; Report Connectivity Checks                                       ; On                 ; On                 ;
; Ignore Maximum Fan-Out Assignments                               ; Off                ; Off                ;
; Synchronization Register Chain Length                            ; 2                  ; 2                  ;
; Power Optimization During Synthesis                              ; Normal compilation ; Normal compilation ;
; HDL message level                                                ; Level2             ; Level2             ;
; Suppress Register Optimization Related Messages                  ; Off                ; Off                ;
; Number of Removed Registers Reported in Synthesis Report         ; 5000               ; 5000               ;
; Number of Swept Nodes Reported in Synthesis Report               ; 5000               ; 5000               ;
; Number of Inverted Registers Reported in Synthesis Report        ; 100                ; 100                ;
; Clock MUX Protection                                             ; On                 ; On                 ;
; Auto Gated Clock Conversion                                      ; Off                ; Off                ;
; Block Design Naming                                              ; Auto               ; Auto               ;
; SDC constraint protection                                        ; Off                ; Off                ;
; Synthesis Effort                                                 ; Auto               ; Auto               ;
; Shift Register Replacement - Allow Asynchronous Clear Signal     ; On                 ; On                 ;
; Pre-Mapping Resynthesis Optimization                             ; Off                ; Off                ;
; Analysis & Synthesis Message Level                               ; Medium             ; Medium             ;
; Disable Register Merging Across Hierarchies                      ; Auto               ; Auto               ;
; Resource Aware Inference For Block RAM                           ; On                 ; On                 ;
+------------------------------------------------------------------+--------------------+--------------------+


+------------------------------------------+
; Parallel Compilation                     ;
+----------------------------+-------------+
; Processors                 ; Number      ;
+----------------------------+-------------+
; Number detected on machine ; 4           ;
; Maximum allowed            ; 2           ;
;                            ;             ;
; Average used               ; 1.00        ;
; Maximum used               ; 1           ;
;                            ;             ;
; Usage by Processor         ; % Time Used ;
;     Processor 1            ; 100.0%      ;
+----------------------------+-------------+


+-------------------------------+
; Analysis & Synthesis Messages ;
+-------------------------------+
Info: *******************************************************************
Info: Running Quartus Prime Analysis & Synthesis
    Info: Version 18.1.0 Build 625 09/12/2018 SJ Lite Edition
    Info: Processing started: Wed Oct 02 12:58:31 2019
Info: Command: quartus_map --read_settings_files=on --write_settings_files=off PipelinedProcessor -c PipelinedProcessor
Warning (18236): Number of processors has not been specified which may cause overloading on shared machines.  Set the global assignment NUM_PARALLEL_PROCESSORS in your QSF to an appropriate value for best performance.
Info (20030): Parallel compilation is enabled and will use 2 of the 2 processors detected
Info (12021): Found 1 design units, including 1 entities, in source file /users/rojomaldit/desktop/arquitecturafpga/lab1/sillyfunction_tb.sv
    Info (12023): Found entity 1: sillyfunction_tb File: C:/Users/rojomaldit/Desktop/ArquitecturaFPGA/Lab1/sillyfunction_tb.sv Line: 1
Info (12021): Found 1 design units, including 1 entities, in source file /users/rojomaldit/desktop/arquitecturafpga/lab1/sillyfunction.sv
    Info (12023): Found entity 1: sillyfunction File: C:/Users/rojomaldit/Desktop/ArquitecturaFPGA/Lab1/sillyfunction.sv Line: 1
Info (12021): Found 1 design units, including 1 entities, in source file /users/rojomaldit/desktop/arquitecturafpga/lab1/signext_tb.sv
    Info (12023): Found entity 1: signext_tb File: C:/Users/rojomaldit/Desktop/ArquitecturaFPGA/Lab1/signext_tb.sv Line: 1
Info (12021): Found 1 design units, including 1 entities, in source file /users/rojomaldit/desktop/arquitecturafpga/lab1/signext.sv
    Info (12023): Found entity 1: signext File: C:/Users/rojomaldit/Desktop/ArquitecturaFPGA/Lab1/signext.sv Line: 1
Info (12021): Found 1 design units, including 1 entities, in source file /users/rojomaldit/desktop/arquitecturafpga/lab1/regfile_tb.sv
    Info (12023): Found entity 1: regfile_tb File: C:/Users/rojomaldit/Desktop/ArquitecturaFPGA/Lab1/regfile_tb.sv Line: 1
Info (12021): Found 1 design units, including 1 entities, in source file /users/rojomaldit/desktop/arquitecturafpga/lab1/regfile.sv
    Info (12023): Found entity 1: regfile File: C:/Users/rojomaldit/Desktop/ArquitecturaFPGA/Lab1/regfile.sv Line: 1
Info (12021): Found 1 design units, including 1 entities, in source file /users/rojomaldit/desktop/arquitecturafpga/lab1/mux64.sv
    Info (12023): Found entity 1: mux64 File: C:/Users/rojomaldit/Desktop/ArquitecturaFPGA/Lab1/mux64.sv Line: 1
Info (12021): Found 1 design units, including 1 entities, in source file /users/rojomaldit/desktop/arquitecturafpga/lab1/mux32.sv
    Info (12023): Found entity 1: mux32 File: C:/Users/rojomaldit/Desktop/ArquitecturaFPGA/Lab1/mux32.sv Line: 1
Info (12021): Found 1 design units, including 1 entities, in source file /users/rojomaldit/desktop/arquitecturafpga/lab1/mux16.sv
    Info (12023): Found entity 1: mux16 File: C:/Users/rojomaldit/Desktop/ArquitecturaFPGA/Lab1/mux16.sv Line: 1
Info (12021): Found 1 design units, including 1 entities, in source file /users/rojomaldit/desktop/arquitecturafpga/lab1/mux8.sv
    Info (12023): Found entity 1: mux8 File: C:/Users/rojomaldit/Desktop/ArquitecturaFPGA/Lab1/mux8.sv Line: 1
Info (12021): Found 1 design units, including 1 entities, in source file /users/rojomaldit/desktop/arquitecturafpga/lab1/mux4.sv
    Info (12023): Found entity 1: mux4 File: C:/Users/rojomaldit/Desktop/ArquitecturaFPGA/Lab1/mux4.sv Line: 1
Info (12021): Found 1 design units, including 1 entities, in source file /users/rojomaldit/desktop/arquitecturafpga/lab1/maindec_tb.sv
    Info (12023): Found entity 1: maindec_tb File: C:/Users/rojomaldit/Desktop/ArquitecturaFPGA/Lab1/maindec_tb.sv Line: 1
Info (12021): Found 1 design units, including 1 entities, in source file /users/rojomaldit/desktop/arquitecturafpga/lab1/maindec.sv
    Info (12023): Found entity 1: maindec File: C:/Users/rojomaldit/Desktop/ArquitecturaFPGA/Lab1/maindec.sv Line: 1
Info (12021): Found 1 design units, including 1 entities, in source file /users/rojomaldit/desktop/arquitecturafpga/lab1/imem_tb.sv
    Info (12023): Found entity 1: imem_tb File: C:/Users/rojomaldit/Desktop/ArquitecturaFPGA/Lab1/imem_tb.sv Line: 1
Info (12021): Found 1 design units, including 1 entities, in source file /users/rojomaldit/desktop/arquitecturafpga/lab1/imem.sv
    Info (12023): Found entity 1: imem File: C:/Users/rojomaldit/Desktop/ArquitecturaFPGA/Lab1/imem.sv Line: 1
Info (12021): Found 1 design units, including 1 entities, in source file /users/rojomaldit/desktop/arquitecturafpga/lab1/flopr_tb.sv
    Info (12023): Found entity 1: flopr_tb File: C:/Users/rojomaldit/Desktop/ArquitecturaFPGA/Lab1/flopr_tb.sv Line: 1
Info (12021): Found 1 design units, including 1 entities, in source file /users/rojomaldit/desktop/arquitecturafpga/lab1/flopr.sv
    Info (12023): Found entity 1: flopr File: C:/Users/rojomaldit/Desktop/ArquitecturaFPGA/Lab1/flopr.sv Line: 1
Info (12021): Found 1 design units, including 1 entities, in source file /users/rojomaldit/desktop/arquitecturafpga/lab1/flopenr.sv
    Info (12023): Found entity 1: flopenr File: C:/Users/rojomaldit/Desktop/ArquitecturaFPGA/Lab1/flopenr.sv Line: 1
Info (12021): Found 1 design units, including 1 entities, in source file /users/rojomaldit/desktop/arquitecturafpga/lab1/fetch_tb.sv
    Info (12023): Found entity 1: fetch_tb File: C:/Users/rojomaldit/Desktop/ArquitecturaFPGA/Lab1/fetch_tb.sv Line: 1
Info (12021): Found 1 design units, including 1 entities, in source file /users/rojomaldit/desktop/arquitecturafpga/lab1/fetch.sv
    Info (12023): Found entity 1: fetch File: C:/Users/rojomaldit/Desktop/ArquitecturaFPGA/Lab1/fetch.sv Line: 1
Info (12021): Found 1 design units, including 1 entities, in source file /users/rojomaldit/desktop/arquitecturafpga/lab1/execute.sv
    Info (12023): Found entity 1: execute File: C:/Users/rojomaldit/Desktop/ArquitecturaFPGA/Lab1/execute.sv Line: 1
Info (12021): Found 1 design units, including 1 entities, in source file /users/rojomaldit/desktop/arquitecturafpga/lab1/alu_tb.sv
    Info (12023): Found entity 1: alu_tb File: C:/Users/rojomaldit/Desktop/ArquitecturaFPGA/Lab1/alu_tb.sv Line: 1
Info (12021): Found 1 design units, including 1 entities, in source file /users/rojomaldit/desktop/arquitecturafpga/lab1/alu.sv
    Info (12023): Found entity 1: alu File: C:/Users/rojomaldit/Desktop/ArquitecturaFPGA/Lab1/alu.sv Line: 1
Info (12021): Found 1 design units, including 1 entities, in source file writeback.sv
    Info (12023): Found entity 1: writeback File: C:/Users/rojomaldit/Desktop/ArquitecturaFPGA/Lab3(Evaluativo)/PipelinedProcessorPatterson-Modules/writeback.sv Line: 3
Info (12021): Found 1 design units, including 1 entities, in source file sl2.sv
    Info (12023): Found entity 1: sl2 File: C:/Users/rojomaldit/Desktop/ArquitecturaFPGA/Lab3(Evaluativo)/PipelinedProcessorPatterson-Modules/sl2.sv Line: 3
Info (12021): Found 1 design units, including 1 entities, in source file processor_tb.sv
    Info (12023): Found entity 1: processor_tb File: C:/Users/rojomaldit/Desktop/ArquitecturaFPGA/Lab3(Evaluativo)/PipelinedProcessorPatterson-Modules/processor_tb.sv Line: 4
Info (12021): Found 1 design units, including 1 entities, in source file processor_arm.sv
    Info (12023): Found entity 1: processor_arm File: C:/Users/rojomaldit/Desktop/ArquitecturaFPGA/Lab3(Evaluativo)/PipelinedProcessorPatterson-Modules/processor_arm.sv Line: 3
Info (12021): Found 1 design units, including 1 entities, in source file mux2.sv
    Info (12023): Found entity 1: mux2 File: C:/Users/rojomaldit/Desktop/ArquitecturaFPGA/Lab3(Evaluativo)/PipelinedProcessorPatterson-Modules/mux2.sv Line: 3
Info (12021): Found 1 design units, including 1 entities, in source file memory.sv
    Info (12023): Found entity 1: memory File: C:/Users/rojomaldit/Desktop/ArquitecturaFPGA/Lab3(Evaluativo)/PipelinedProcessorPatterson-Modules/memory.sv Line: 3
Info (12021): Found 2 design units, including 1 entities, in source file dmem.vhd
    Info (12022): Found design unit 1: dmem-behave File: C:/Users/rojomaldit/Desktop/ArquitecturaFPGA/Lab3(Evaluativo)/PipelinedProcessorPatterson-Modules/dmem.vhd Line: 23
    Info (12023): Found entity 1: dmem File: C:/Users/rojomaldit/Desktop/ArquitecturaFPGA/Lab3(Evaluativo)/PipelinedProcessorPatterson-Modules/dmem.vhd Line: 14
Info (12021): Found 1 design units, including 1 entities, in source file decode.sv
    Info (12023): Found entity 1: decode File: C:/Users/rojomaldit/Desktop/ArquitecturaFPGA/Lab3(Evaluativo)/PipelinedProcessorPatterson-Modules/decode.sv Line: 3
Info (12021): Found 1 design units, including 1 entities, in source file datapath.sv
    Info (12023): Found entity 1: datapath File: C:/Users/rojomaldit/Desktop/ArquitecturaFPGA/Lab3(Evaluativo)/PipelinedProcessorPatterson-Modules/datapath.sv Line: 3
Info (12021): Found 1 design units, including 1 entities, in source file controller.sv
    Info (12023): Found entity 1: controller File: C:/Users/rojomaldit/Desktop/ArquitecturaFPGA/Lab3(Evaluativo)/PipelinedProcessorPatterson-Modules/controller.sv Line: 3
Info (12021): Found 1 design units, including 1 entities, in source file aludec.sv
    Info (12023): Found entity 1: aludec File: C:/Users/rojomaldit/Desktop/ArquitecturaFPGA/Lab3(Evaluativo)/PipelinedProcessorPatterson-Modules/aludec.sv Line: 3
Error (10405): VHDL error at dmem.vhd(43): can't determine type of object at or near identifier "hwrite" -- found 0 possible types File: C:/Users/rojomaldit/Desktop/ArquitecturaFPGA/Lab3(Evaluativo)/PipelinedProcessorPatterson-Modules/dmem.vhd Line: 43
Error: Quartus Prime Analysis & Synthesis was unsuccessful. 1 error, 1 warning
    Error: Peak virtual memory: 638 megabytes
    Error: Processing ended: Wed Oct 02 12:58:45 2019
    Error: Elapsed time: 00:00:14
    Error: Total CPU time (on all processors): 00:00:35


